
> cbd-knowledge-base@0.1.0 build
> next build

  ▲ Next.js 14.2.21
  - Environments: .env.local

   Creating an optimized production build ...
 ✓ Compiled successfully
   Skipping validation of types
   Linting ...
   Collecting page data ...
   Generating static pages (0/40) ...
   Generating static pages (10/40) 
   Generating static pages (20/40) 
   Generating static pages (30/40) 
 ✓ Generating static pages (40/40)
   Finalizing page optimization ...
   Collecting build traces ...

Route (app)                               Size     First Load JS
┌ ƒ /                                     958 B            95 kB
├ ○ /_not-found                           876 B          88.1 kB
├ ƒ /about                                210 B          94.2 kB
├ ○ /admin                                162 B          87.4 kB
├ ○ /admin/articles                       1.82 kB         153 kB
├ ƒ /admin/articles/[id]/edit             2.77 kB         143 kB
├ ○ /admin/articles/new                   3.44 kB         148 kB
├ ○ /admin/authors                        4.34 kB        98.4 kB
├ ƒ /admin/authors/[id]/edit              1.11 kB        92.4 kB
├ ○ /admin/authors/new                    565 B          91.8 kB
├ ○ /admin/categories                     1.26 kB         148 kB
├ ƒ /admin/categories/[id]/edit           1.27 kB         142 kB
├ ○ /admin/categories/new                 1.24 kB         142 kB
├ ○ /admin/citations                      1.58 kB         149 kB
├ ƒ /admin/citations/[id]/edit            1.43 kB         142 kB
├ ○ /admin/citations/new                  1.45 kB         142 kB
├ ○ /admin/comments                       1.31 kB         142 kB
├ ƒ /admin/dashboard                      161 B          87.4 kB
├ ○ /admin/languages                      1.44 kB         142 kB
├ ○ /admin/media                          2.13 kB         142 kB
├ ○ /admin/research                       2.19 kB        96.2 kB
├ ○ /admin/research/queue                 2.77 kB         150 kB
├ ○ /admin/tags                           2.78 kB         143 kB
├ ƒ /api/admin/articles/[id]              0 B                0 B
├ ƒ /api/admin/authors                    0 B                0 B
├ ƒ /api/admin/authors/[id]               0 B                0 B
├ ƒ /api/admin/authors/upload             0 B                0 B
├ ƒ /api/admin/env-check                  0 B                0 B
├ ƒ /api/admin/integrate-research         0 B                0 B
├ ƒ /api/admin/setup                      0 B                0 B
├ ƒ /api/admin/trigger-scan               0 B                0 B
├ ƒ /api/articles                         0 B                0 B
├ ƒ /api/articles/[slug]/pdf              0 B                0 B
├ ƒ /api/cron/research-scan               0 B                0 B
├ ƒ /articles                             210 B          94.2 kB
├ ƒ /articles/[slug]                      4.21 kB         151 kB
├ ƒ /authors                              210 B          94.2 kB
├ ƒ /authors/[slug]                       210 B          94.2 kB
├ ƒ /categories                           210 B          94.2 kB
├ ƒ /categories/[slug]                    210 B          94.2 kB
├ ○ /contact                              162 B          87.4 kB
├ ○ /cookie-policy                        162 B          87.4 kB
├ ○ /editorial-policy                     210 B          94.2 kB
├ ƒ /glossary                             210 B          94.2 kB
├ ƒ /glossary/[slug]                      210 B          94.2 kB
├ ○ /medical-disclaimer                   162 B          87.4 kB
├ ○ /privacy-policy                       162 B          87.4 kB
├ ƒ /research                             7.48 kB        94.7 kB
├ ○ /robots.txt                           0 B                0 B
├ ƒ /search                               976 B            95 kB
├ ƒ /sitemap.xml                          0 B                0 B
├ ƒ /tags                                 210 B          94.2 kB
├ ƒ /tags/[slug]                          210 B          94.2 kB
└ ○ /terms-of-service                     162 B          87.4 kB
+ First Load JS shared by all             87.2 kB
  ├ chunks/2117-e57245ada3f1fa91.js       31.6 kB
  ├ chunks/fd9d1056-7257aab9b92736b8.js   53.6 kB
  └ other shared chunks (total)           1.99 kB

Route (pages)                             Size     First Load JS
┌ ƒ /api/authors                          0 B            79.3 kB
├ ƒ /api/health                           0 B            79.3 kB
├ ƒ /api/status                           0 B            79.3 kB
└ ƒ /api/test                             0 B            79.3 kB
+ First Load JS shared by all             79.3 kB
  ├ chunks/framework-a63c59c368572696.js  44.8 kB
  ├ chunks/main-1559e3a63ad8aa35.js       32.5 kB
  └ other shared chunks (total)           1.97 kB

○  (Static)   prerendered as static content
ƒ  (Dynamic)  server-rendered on demand

