Generated translations for 411 remaining keys
First 20 translations:
toolsShowcase.strengthCalculator -> Strength Calculator
toolsShowcase.strengthCalculatorDesc -> Convert between %, mg/ml, and compare products
toolsShowcase.petDosageCalculator -> Pet Dosage Calculator
toolsShowcase.petDosageCalculatorDesc -> Species-specific dosing for dogs, cats, and horses
toolsShowcase.viewAllTools -> View Todos tools
cannabinoidHub.syntheticNovelTitle -> Synthetic & Novel Cannabinoids
cannabinoidHub.syntheticNovelDesc -> Lab-derived or converted cannabinoids with limited research. Check local laws before use.
cannabinoidHub.rareResearchTitle -> Rare & Research Cannabinoids
cannabinoidHub.rareResearchDesc -> Obscure cannabinoids with minimal research. Included for completeness.
conditionArticlesHub.lookingForOverview -> Looking for Condition Overview Pages?
conditionArticlesHub.overviewDescription -> Each condition has a dedicated overview page with research summaries and related studies. Browse Todos {{count}} conditions we cover, including those still awaiting detailed articles.
conditionArticlesHub.browseAllConditions -> Browse Todos Conditions
authorBio.aboutAuthor -> About the Author
authorBio.authorTitle -> CBD Products Expert, Industry Pioneer & Co-founder of Formula Swiss AG
authorBio.authorBio -> Swiss entrepreneur, CBD products expert, and CBD industry pioneer who co-founded Formula Swiss AG in 2013. With over 12 years of hands-on experience and extensive academic background (studied at university 4 times), he has served 100,000+ customers across 60+ countries and developed 300+ CBD product formulations under GMP certification standards. Robin is also recognized as an expert on European cannabis laws and is well-known for his legal advocacy work, including ongoing cases against regulatory authorities.
authorBio.since -> Since 2013
authorBio.products -> 300+ Products
authorBio.gmpCertified -> GMP Certified
authorBio.countries -> 16+ Countries
authorBio.disclaimer -> Disclaimer:
