[dotenv@17.2.3] injecting env (7) from .env.local -- tip: ✅ audit secrets and track compliance: https://dotenvx.com/ops

========================================
  Research Study Summary Generator
========================================

Studies needing summaries: 4211
Already processed this run: 17
Failed this run: 0
Batch size: 50
Delay between studies: 4000ms

Estimated time remaining: 5h 15m

Starting in 3 seconds... (Ctrl+C to cancel)

--- Batch 1 (50 studies) ---
  [18] Chitosan-Modified Biodegradable Polymeric Nanopart...... OK
  [19] Influences of cannabidiol on fetal human astrocyte...... OK
  [20] Cannabidiol Inhibits Melanoma Progression by Regul...... OK
  [21] Defining the Intestinal eCBome and Oxylipin Signal...... OK
  [22] Phytocannabinoids influence phospholipid metabolis...... retrying in 10s...
OK
  [23] Cannabidiol as a Prophylactic Agent Against Gliobl...... retrying in 10s...
OK
  [24] Development and In vitro kinetic evaluation of PEG...... FAILED: API error 529: {"type":"error","error":{"type":"overloaded_error","message":"Overloaded"},"request_id":"req_011CXHNVLasL236K3jK5QUXa"}
  [25] Evaluation of Anti-arthritic Activity of ArthoCan ...... OK
  [26] Ageing, Neurodegeneration and the Endocannabinoid ...... OK
  [27] Chronic cannabidiol treatment effects on contextua...... retrying in 10s...
OK
  [28] Species differences in pregnane X receptor activat...... retrying in 10s...
OK
  [29] Safety Assessment on the Safety of Cannabidiol (CB...... OK
  [30] Genetic Tools in Rodents to Study Cannabinoid Func...... retrying in 10s...
OK
  [31] Pain, Depression, and Functional Outcomes Among Ol...... retrying in 10s...
OK
  [32] New treatments for OCD? Evidence for cannabinoids ...... OK
  [33] IMPACTO DO CANABIDIOL NA CO-OCORRÊNCIA DE ANSIEDAD...... retrying in 10s...
OK
  [34] Formulation and in vitro evaluation of liposomal a...... OK
  [35] Synthesis of an experimental gel containing cannab...... retrying in 10s...
OK
  [36] A Phase 1B, Randomized, Open-label, Active-control...... OK
  [37] Reshaping the tumor lipidome: nanospectroscopic in...... retrying in 10s...
OK
  [38] Therapeutic potential of acidic cannabinoids: an u...... retrying in 10s...
OK
  [39] In vitro digestion and cytotoxicity study of canna...... OK
  [40] Cannabidiol reduces LPS-induced inflammatory respo...... retrying in 10s...
FAILED: API error 529: {"type":"error","error":{"type":"overloaded_error","message":"Overloaded"},"request_id":"req_011CXHNiu4rC9u6XF4wANBD8"}
  [41] Neuroprotective potential of cannabidiol in trauma...... OK
  [42] Cannabinoid Signaling and Autophagy in Oral Diseas...... OK
  [43] Cannabidiol Alleviates LPS-Induced Depressive-Like...... retrying in 10s...
OK
  [44] A Single-centre, Pilot, Randomized Controlled Tria...... OK
  [45] Clinical practice guidelines for the administratio...... retrying in 10s...
OK
  [46] The impact of cannabis co-use and cannabis use dis...... FAILED: API error 529: {"type":"error","error":{"type":"overloaded_error","message":"Overloaded"},"request_id":"req_011CXHNnynUHz6rKCJHuEZm5"}
  [47] Canonical Cannabinoid Receptors.... OK
  [48] Cannabidiol (CBD) and Other Cannabinoids as a Prom...... OK
  [49] Combined extraction and spray-freeze-drying of Can...... retrying in 10s...
OK
